[debug] [2020-04-16T11:33:02.948Z] ----------------------------------------------------------------------
[debug] [2020-04-16T11:33:02.951Z] Command:       C:\Program Files\nodejs\node.exe C:\Users\Jobay\AppData\Roaming\npm\node_modules\firebase-tools\lib\bin\firebase.js init
[debug] [2020-04-16T11:33:02.951Z] CLI Version:   7.15.1
[debug] [2020-04-16T11:33:02.951Z] Platform:      win32
[debug] [2020-04-16T11:33:02.951Z] Node Version:  v12.16.1
[debug] [2020-04-16T11:33:02.952Z] Time:          Thu Apr 16 2020 17:33:02 GMT+0600 (Bangladesh Standard Time)
[debug] [2020-04-16T11:33:02.952Z] ----------------------------------------------------------------------
[debug] [2020-04-16T11:33:02.953Z] 
[debug] [2020-04-16T11:33:02.969Z] > command requires scopes: ["email","openid","https://www.googleapis.com/auth/cloudplatformprojects.readonly","https://www.googleapis.com/auth/firebase","https://www.googleapis.com/auth/cloud-platform"]
[debug] [2020-04-16T11:33:02.969Z] > authorizing via signed-in user
[info] 
     ######## #### ########  ######## ########     ###     ######  ########
     ##        ##  ##     ## ##       ##     ##  ##   ##  ##       ##
     ######    ##  ########  ######   ########  #########  ######  ######
     ##        ##  ##    ##  ##       ##     ## ##     ##       ## ##
     ##       #### ##     ## ######## ########  ##     ##  ######  ########

You're about to initialize a Firebase project in this directory:

  F:\outline\Repositories\front-end-interview-question

[info] 
=== Project Setup
[info] 
[info] First, let's associate this project directory with a Firebase project.
[info] You can create multiple project aliases by running firebase use --add, 
[info] but for now we'll just set up a default project.
[info] 
[debug] [2020-04-16T11:33:44.350Z] > refreshing access token with scopes: ["email","https://www.googleapis.com/auth/cloud-platform","https://www.googleapis.com/auth/cloudplatformprojects.readonly","https://www.googleapis.com/auth/firebase","openid"]
[debug] [2020-04-16T11:33:44.350Z] >>> HTTP REQUEST POST https://www.googleapis.com/oauth2/v3/token  
 <request body omitted>
[debug] [2020-04-16T11:33:55.653Z] <<< HTTP RESPONSE 200
[debug] [2020-04-16T11:33:55.673Z] >>> HTTP REQUEST GET https://firebase.googleapis.com/v1beta1/projects?pageSize=100  
 
[debug] [2020-04-16T11:33:57.402Z] <<< HTTP RESPONSE 200
[info] i  Using project front-end-interview-question (front-end-interview-question)
[info] 
=== Hosting Setup
[info] 
[info] Your public directory is the folder (relative to your project directory) that
[info] will contain Hosting assets to be uploaded with firebase deploy. If you
[info] have a build process for your assets, use your build's output directory.
[info] 
